<?xml version="1.0" encoding="UTF-8"?>
<testng-results ignored="0" total="5" passed="5" failed="0" skipped="0">
  <reporter-output>
  </reporter-output>
  <suite started-at="2025-01-18T00:12:52 IST" name="Suite" finished-at="2025-01-18T00:13:38 IST" duration-ms="45535">
    <groups>
    </groups>
    <test started-at="2025-01-18T00:12:52 IST" name="Test" finished-at="2025-01-18T00:13:38 IST" duration-ms="45535">
      <class name="testcases.TestSuiteTest">
        <test-method is-config="true" signature="setup()[pri:0, instance:testcases.TestSuiteTest@49e53c76]" started-at="2025-01-18T00:12:52 IST" name="setup" finished-at="2025-01-18T00:12:52 IST" duration-ms="317" status="PASS">
          <reporter-output>
          </reporter-output>
        </test-method> <!-- setup -->
        <test-method signature="contactSignUp()[pri:1, instance:testcases.TestSuiteTest@49e53c76]" started-at="2025-01-18T00:12:52 IST" name="contactSignUp" finished-at="2025-01-18T00:12:57 IST" duration-ms="5164" status="PASS">
          <reporter-output>
          </reporter-output>
        </test-method> <!-- contactSignUp -->
        <test-method signature="contactAdd()[pri:2, instance:testcases.TestSuiteTest@49e53c76]" started-at="2025-01-18T00:12:58 IST" name="contactAdd" finished-at="2025-01-18T00:13:23 IST" duration-ms="25395" status="PASS">
          <reporter-output>
          </reporter-output>
        </test-method> <!-- contactAdd -->
        <test-method signature="contactEdit()[pri:3, instance:testcases.TestSuiteTest@49e53c76]" started-at="2025-01-18T00:13:23 IST" name="contactEdit" finished-at="2025-01-18T00:13:29 IST" duration-ms="6324" status="PASS">
          <reporter-output>
          </reporter-output>
        </test-method> <!-- contactEdit -->
        <test-method signature="contactDelete()[pri:4, instance:testcases.TestSuiteTest@49e53c76]" started-at="2025-01-18T00:13:29 IST" name="contactDelete" finished-at="2025-01-18T00:13:33 IST" duration-ms="3715" status="PASS">
          <reporter-output>
          </reporter-output>
        </test-method> <!-- contactDelete -->
        <test-method signature="contactLogout()[pri:5, instance:testcases.TestSuiteTest@49e53c76]" started-at="2025-01-18T00:13:33 IST" name="contactLogout" finished-at="2025-01-18T00:13:38 IST" duration-ms="4564" status="PASS">
          <reporter-output>
          </reporter-output>
        </test-method> <!-- contactLogout -->
      </class> <!-- testcases.TestSuiteTest -->
    </test> <!-- Test -->
  </suite> <!-- Suite -->
</testng-results>
